c:\users\ehdnf\documents\github\directxstudy\directxstudy\directxstudy\x64\debug\vc143.pdb
c:\users\ehdnf\documents\github\directxstudy\directxstudy\directxstudy\x64\debug\vc143.idb
c:\users\ehdnf\documents\github\directxstudy\directxstudy\directxstudy\x64\debug\xnacollision.obj
c:\users\ehdnf\documents\github\directxstudy\directxstudy\directxstudy\x64\debug\waves.obj
c:\users\ehdnf\documents\github\directxstudy\directxstudy\directxstudy\x64\debug\texturemgr.obj
c:\users\ehdnf\documents\github\directxstudy\directxstudy\directxstudy\x64\debug\mathhelper.obj
c:\users\ehdnf\documents\github\directxstudy\directxstudy\directxstudy\x64\debug\lighthelper.obj
c:\users\ehdnf\documents\github\directxstudy\directxstudy\directxstudy\x64\debug\geometrygenerator.obj
c:\users\ehdnf\documents\github\directxstudy\directxstudy\directxstudy\x64\debug\gametimer.obj
c:\users\ehdnf\documents\github\directxstudy\directxstudy\directxstudy\x64\debug\d3dutil.obj
c:\users\ehdnf\documents\github\directxstudy\directxstudy\directxstudy\x64\debug\d3dapp.obj
c:\users\ehdnf\documents\github\directxstudy\directxstudy\directxstudy\x64\debug\camera.obj
c:\users\ehdnf\documents\github\directxstudy\directxstudy\directxstudy\x64\debug\boxapp.obj
c:\users\ehdnf\documents\github\directxstudy\directxstudy\x64\debug\color.cso
c:\users\ehdnf\documents\github\directxstudy\directxstudy\x64\debug\directxstudy.exe
c:\users\ehdnf\documents\github\directxstudy\directxstudy\directxstudy\x64\debug\directxstudy.ilk
c:\users\ehdnf\documents\github\directxstudy\directxstudy\x64\debug\directxstudy.pdb
c:\users\ehdnf\documents\github\directxstudy\directxstudy\directxstudy\x64\debug\hillsdemo.obj
c:\users\ehdnf\documents\github\directxstudy\directxstudy\directxstudy\x64\debug\directxstudy.tlog\cl.command.1.tlog
c:\users\ehdnf\documents\github\directxstudy\directxstudy\directxstudy\x64\debug\directxstudy.tlog\cl.items.tlog
c:\users\ehdnf\documents\github\directxstudy\directxstudy\directxstudy\x64\debug\directxstudy.tlog\cl.read.1.tlog
c:\users\ehdnf\documents\github\directxstudy\directxstudy\directxstudy\x64\debug\directxstudy.tlog\cl.write.1.tlog
c:\users\ehdnf\documents\github\directxstudy\directxstudy\directxstudy\x64\debug\directxstudy.tlog\fxc.command.1.tlog
c:\users\ehdnf\documents\github\directxstudy\directxstudy\directxstudy\x64\debug\directxstudy.tlog\fxc.read.1.tlog
c:\users\ehdnf\documents\github\directxstudy\directxstudy\directxstudy\x64\debug\directxstudy.tlog\fxc.write.1.tlog
c:\users\ehdnf\documents\github\directxstudy\directxstudy\directxstudy\x64\debug\directxstudy.tlog\link.command.1.tlog
c:\users\ehdnf\documents\github\directxstudy\directxstudy\directxstudy\x64\debug\directxstudy.tlog\link.read.1.tlog
c:\users\ehdnf\documents\github\directxstudy\directxstudy\directxstudy\x64\debug\directxstudy.tlog\link.write.1.tlog
